Arguments: 
  C:\Program Files\nodejs\node.exe C:\Users\dwrdvncntcvs\AppData\Roaming\npm\node_modules\yarn\bin\yarn.js add axios

PATH: 
  C:\Users\dwrdvncntcvs\bin;C:\Program Files\Git\mingw64\bin;C:\Program Files\Git\usr\local\bin;C:\Program Files\Git\usr\bin;C:\Program Files\Git\usr\bin;C:\Program Files\Git\mingw64\bin;C:\Program Files\Git\usr\bin;C:\Users\dwrdvncntcvs\bin;C:\WINDOWS\system32;C:\WINDOWS;C:\WINDOWS\System32\Wbem;C:\WINDOWS\System32\WindowsPowerShell\v1.0;C:\WINDOWS\System32\OpenSSH;C:\Program Files\NVIDIA Corporation\NVIDIA NvDLISR;C:\Program Files (x86)\NVIDIA Corporation\PhysX\Common;C:\Users\dwrdvncntcvs\AppData\Roaming\nvm;C:\Program Files\nodejs;C:\Program Files\dotnet;C:\Program Files\Git\cmd;C:\Users\dwrdvncntcvs\AppData\Local\Microsoft\WindowsApps;C:\Users\dwrdvncntcvs\AppData\Local\Programs\Microsoft VS Code\bin;C:\Users\dwrdvncntcvs\AppData\Roaming\nvm;C:\Program Files\nodejs;C:\Users\dwrdvncntcvs\AppData\Roaming\npm;C:\Program Files\Git\usr\bin\vendor_perl;C:\Program Files\Git\usr\bin\core_perl

Yarn version: 
  1.22.19

Node version: 
  18.17.1

Platform: 
  win32 x64

Trace: 
  Error: ENOENT: no such file or directory, copyfile 'C:\Users\dwrdvncntcvs\AppData\Local\Yarn\Cache\v6\npm-glob-parent-6.0.2-6d237d99083950c79290f24c7642a3de9a28f9e3-integrity\node_modules\glob-parent\index.js' -> 'D:\Builds\Personal Builds\Projects\Expense Tracker\expense-tracker-app\node_modules\tailwindcss\node_modules\glob-parent\index.js'

npm manifest: 
  {
  	"name": "expense-tracker-app",
  	"version": "0.0.1",
  	"private": true,
  	"scripts": {
  		"dev": "vite dev",
  		"build": "vite build",
  		"preview": "vite preview",
  		"check": "svelte-kit sync && svelte-check --tsconfig ./tsconfig.json",
  		"check:watch": "svelte-kit sync && svelte-check --tsconfig ./tsconfig.json --watch"
  	},
  	"devDependencies": {
  		"@sveltejs/adapter-auto": "^3.0.0",
  		"@sveltejs/kit": "^2.0.0",
  		"@sveltejs/vite-plugin-svelte": "^3.0.0",
  		"autoprefixer": "^10.4.16",
  		"postcss": "^8.4.32",
  		"svelte": "^4.2.7",
  		"svelte-check": "^3.6.0",
  		"svelte-hero-icons": "^5.0.0",
  		"tailwindcss": "^3.4.0",
  		"tslib": "^2.4.1",
  		"typescript": "^5.0.0",
  		"vite": "^5.0.3"
  	},
  	"type": "module"
  }

yarn manifest: 
  No manifest

Lockfile: 
  No lockfile
